<?xml version="1.0" encoding="UTF-8"?>
<coverage generated="1751310617">
  <project timestamp="1751310617" name="Clover Coverage">
    <package name="Mchev\Banhammer">
      <file name="/Users/mchev/Packages/banhammer/src/Banhammer.php">
        <class name="Mchev\Banhammer\Banhammer" namespace="Mchev\Banhammer">
          <metrics complexity="2" methods="2" coveredmethods="0" conditionals="0" coveredconditionals="0" statements="3" coveredstatements="0" elements="5" coveredelements="0"/>
        </class>
        <line num="9" type="method" name="unbanExpired" visibility="public" complexity="1" crap="2" count="0"/>
        <line num="11" type="stmt" count="0"/>
        <line num="12" type="stmt" count="0"/>
        <line num="15" type="method" name="clear" visibility="public" complexity="1" crap="2" count="0"/>
        <line num="17" type="stmt" count="0"/>
        <metrics loc="20" ncloc="20" classes="1" methods="2" coveredmethods="0" conditionals="0" coveredconditionals="0" statements="3" coveredstatements="0" elements="5" coveredelements="0"/>
      </file>
      <file name="/Users/mchev/Packages/banhammer/src/BanhammerServiceProvider.php">
        <class name="Mchev\Banhammer\BanhammerServiceProvider" namespace="Mchev\Banhammer">
          <metrics complexity="4" methods="2" coveredmethods="1" conditionals="0" coveredconditionals="0" statements="23" coveredstatements="22" elements="25" coveredelements="23"/>
        </class>
        <line num="21" type="method" name="boot" visibility="public" complexity="3" crap="3" count="48"/>
        <line num="23" type="stmt" count="48"/>
        <line num="25" type="stmt" count="48"/>
        <line num="26" type="stmt" count="48"/>
        <line num="27" type="stmt" count="48"/>
        <line num="28" type="stmt" count="48"/>
        <line num="30" type="stmt" count="48"/>
        <line num="31" type="stmt" count="0"/>
        <line num="34" type="stmt" count="48"/>
        <line num="36" type="stmt" count="48"/>
        <line num="37" type="stmt" count="48"/>
        <line num="38" type="stmt" count="48"/>
        <line num="41" type="stmt" count="48"/>
        <line num="42" type="stmt" count="48"/>
        <line num="43" type="stmt" count="48"/>
        <line num="46" type="stmt" count="48"/>
        <line num="47" type="stmt" count="48"/>
        <line num="48" type="stmt" count="48"/>
        <line num="49" type="stmt" count="48"/>
        <line num="52" type="stmt" count="48"/>
        <line num="53" type="stmt" count="48"/>
        <line num="54" type="stmt" count="48"/>
        <line num="55" type="stmt" count="48"/>
        <line num="62" type="method" name="register" visibility="public" complexity="1" crap="1" count="48"/>
        <line num="65" type="stmt" count="48"/>
        <metrics loc="68" ncloc="58" classes="1" methods="2" coveredmethods="1" conditionals="0" coveredconditionals="0" statements="23" coveredstatements="22" elements="25" coveredelements="23"/>
      </file>
      <file name="/Users/mchev/Packages/banhammer/src/IP.php">
        <class name="Mchev\Banhammer\IP" namespace="Mchev\Banhammer">
          <metrics complexity="9" methods="5" coveredmethods="5" conditionals="0" coveredconditionals="0" statements="20" coveredstatements="20" elements="25" coveredelements="25"/>
        </class>
        <line num="10" type="method" name="ban" visibility="public" complexity="4" crap="4" count="11"/>
        <line num="12" type="stmt" count="11"/>
        <line num="14" type="stmt" count="11"/>
        <line num="15" type="stmt" count="11"/>
        <line num="16" type="stmt" count="11"/>
        <line num="17" type="stmt" count="11"/>
        <line num="18" type="stmt" count="11"/>
        <line num="19" type="stmt" count="11"/>
        <line num="20" type="stmt" count="11"/>
        <line num="25" type="method" name="unban" visibility="public" complexity="1" crap="1" count="3"/>
        <line num="27" type="stmt" count="3"/>
        <line num="28" type="stmt" count="3"/>
        <line num="29" type="stmt" count="3"/>
        <line num="32" type="method" name="isBanned" visibility="public" complexity="1" crap="1" count="2"/>
        <line num="34" type="stmt" count="2"/>
        <line num="35" type="stmt" count="2"/>
        <line num="36" type="stmt" count="2"/>
        <line num="39" type="method" name="banned" visibility="public" complexity="1" crap="1" count="22"/>
        <line num="41" type="stmt" count="22"/>
        <line num="42" type="stmt" count="22"/>
        <line num="43" type="stmt" count="22"/>
        <line num="46" type="method" name="getBannedIPsFromCache" visibility="public" complexity="2" crap="2" count="11"/>
        <line num="48" type="stmt" count="11"/>
        <line num="49" type="stmt" count="3"/>
        <line num="50" type="stmt" count="11"/>
        <metrics loc="53" ncloc="53" classes="1" methods="5" coveredmethods="5" conditionals="0" coveredconditionals="0" statements="20" coveredstatements="20" elements="25" coveredelements="25"/>
      </file>
    </package>
    <package name="Mchev\Banhammer\Commands">
      <file name="/Users/mchev/Packages/banhammer/src/Commands/ClearBans.php">
        <class name="Mchev\Banhammer\Commands\ClearBans" namespace="Mchev\Banhammer\Commands">
          <metrics complexity="1" methods="1" coveredmethods="1" conditionals="0" coveredconditionals="0" statements="3" coveredstatements="3" elements="4" coveredelements="4"/>
        </class>
        <line num="14" type="method" name="handle" visibility="public" complexity="1" crap="1" count="1"/>
        <line num="16" type="stmt" count="1"/>
        <line num="17" type="stmt" count="1"/>
        <line num="19" type="stmt" count="1"/>
        <metrics loc="22" ncloc="22" classes="1" methods="1" coveredmethods="1" conditionals="0" coveredconditionals="0" statements="3" coveredstatements="3" elements="4" coveredelements="4"/>
      </file>
      <file name="/Users/mchev/Packages/banhammer/src/Commands/DeleteExpired.php">
        <class name="Mchev\Banhammer\Commands\DeleteExpired" namespace="Mchev\Banhammer\Commands">
          <metrics complexity="1" methods="1" coveredmethods="1" conditionals="0" coveredconditionals="0" statements="3" coveredstatements="3" elements="4" coveredelements="4"/>
        </class>
        <line num="14" type="method" name="handle" visibility="public" complexity="1" crap="1" count="1"/>
        <line num="16" type="stmt" count="1"/>
        <line num="17" type="stmt" count="1"/>
        <line num="19" type="stmt" count="1"/>
        <metrics loc="22" ncloc="22" classes="1" methods="1" coveredmethods="1" conditionals="0" coveredconditionals="0" statements="3" coveredstatements="3" elements="4" coveredelements="4"/>
      </file>
    </package>
    <package name="Mchev\Banhammer\Events">
      <file name="/Users/mchev/Packages/banhammer/src/Events/ModelWasBanned.php">
        <class name="Mchev\Banhammer\Events\ModelWasBanned" namespace="Mchev\Banhammer\Events">
          <metrics complexity="1" methods="1" coveredmethods="1" conditionals="0" coveredconditionals="0" statements="1" coveredstatements="1" elements="2" coveredelements="2"/>
        </class>
        <line num="9" type="method" name="__construct" visibility="public" complexity="1" crap="1" count="28"/>
        <metrics loc="11" ncloc="11" classes="1" methods="1" coveredmethods="1" conditionals="0" coveredconditionals="0" statements="1" coveredstatements="1" elements="2" coveredelements="2"/>
      </file>
      <file name="/Users/mchev/Packages/banhammer/src/Events/ModelWasUnbanned.php">
        <class name="Mchev\Banhammer\Events\ModelWasUnbanned" namespace="Mchev\Banhammer\Events">
          <metrics complexity="1" methods="1" coveredmethods="1" conditionals="0" coveredconditionals="0" statements="1" coveredstatements="1" elements="2" coveredelements="2"/>
        </class>
        <line num="9" type="method" name="__construct" visibility="public" complexity="1" crap="1" count="1"/>
        <metrics loc="11" ncloc="11" classes="1" methods="1" coveredmethods="1" conditionals="0" coveredconditionals="0" statements="1" coveredstatements="1" elements="2" coveredelements="2"/>
      </file>
    </package>
    <package name="Mchev\Banhammer\Exceptions">
      <file name="/Users/mchev/Packages/banhammer/src/Exceptions/BanhammerException.php">
        <class name="Mchev\Banhammer\Exceptions\BanhammerException" namespace="Mchev\Banhammer\Exceptions">
          <metrics complexity="4" methods="3" coveredmethods="3" conditionals="0" coveredconditionals="0" statements="5" coveredstatements="5" elements="8" coveredelements="8"/>
        </class>
        <line num="14" type="method" name="__construct" visibility="public" complexity="1" crap="1" count="10"/>
        <line num="16" type="stmt" count="10"/>
        <line num="22" type="method" name="report" visibility="public" complexity="1" crap="1" count="1"/>
        <line num="24" type="stmt" count="1"/>
        <line num="30" type="method" name="render" visibility="public" complexity="2" crap="2" count="2"/>
        <line num="32" type="stmt" count="2"/>
        <line num="33" type="stmt" count="1"/>
        <line num="34" type="stmt" count="2"/>
        <metrics loc="37" ncloc="31" classes="1" methods="3" coveredmethods="3" conditionals="0" coveredconditionals="0" statements="5" coveredstatements="5" elements="8" coveredelements="8"/>
      </file>
    </package>
    <package name="Mchev\Banhammer\Middleware">
      <file name="/Users/mchev/Packages/banhammer/src/Middleware/AuthBanned.php">
        <class name="Mchev\Banhammer\Middleware\AuthBanned" namespace="Mchev\Banhammer\Middleware">
          <metrics complexity="3" methods="1" coveredmethods="1" conditionals="0" coveredconditionals="0" statements="3" coveredstatements="3" elements="4" coveredelements="4"/>
        </class>
        <line num="11" type="method" name="handle" visibility="public" complexity="3" crap="3" count="3"/>
        <line num="13" type="stmt" count="3"/>
        <line num="14" type="stmt" count="1"/>
        <line num="17" type="stmt" count="2"/>
        <metrics loc="20" ncloc="20" classes="1" methods="1" coveredmethods="1" conditionals="0" coveredconditionals="0" statements="3" coveredstatements="3" elements="4" coveredelements="4"/>
      </file>
      <file name="/Users/mchev/Packages/banhammer/src/Middleware/BlockByCountry.php">
        <class name="Mchev\Banhammer\Middleware\BlockByCountry" namespace="Mchev\Banhammer\Middleware">
          <metrics complexity="10" methods="2" coveredmethods="2" conditionals="0" coveredconditionals="0" statements="26" coveredstatements="26" elements="28" coveredelements="28"/>
        </class>
        <line num="14" type="method" name="__construct" visibility="public" complexity="1" crap="1" count="4"/>
        <line num="17" type="stmt" count="4"/>
        <line num="19" type="method" name="handle" visibility="public" complexity="9" crap="9" count="4"/>
        <line num="21" type="stmt" count="4"/>
        <line num="23" type="stmt" count="4"/>
        <line num="24" type="stmt" count="4"/>
        <line num="26" type="stmt" count="4"/>
        <line num="27" type="stmt" count="4"/>
        <line num="28" type="stmt" count="4"/>
        <line num="30" type="stmt" count="4"/>
        <line num="32" type="stmt" count="3"/>
        <line num="34" type="stmt" count="3"/>
        <line num="35" type="stmt" count="1"/>
        <line num="36" type="stmt" count="1"/>
        <line num="37" type="stmt" count="1"/>
        <line num="38" type="stmt" count="1"/>
        <line num="40" type="stmt" count="2"/>
        <line num="41" type="stmt" count="1"/>
        <line num="42" type="stmt" count="3"/>
        <line num="46" type="stmt" count="1"/>
        <line num="47" type="stmt" count="1"/>
        <line num="48" type="stmt" count="1"/>
        <line num="49" type="stmt" count="1"/>
        <line num="50" type="stmt" count="1"/>
        <line num="51" type="stmt" count="1"/>
        <line num="53" type="stmt" count="1"/>
        <line num="54" type="stmt" count="1"/>
        <line num="59" type="stmt" count="2"/>
        <metrics loc="62" ncloc="61" classes="1" methods="2" coveredmethods="2" conditionals="0" coveredconditionals="0" statements="26" coveredstatements="26" elements="28" coveredelements="28"/>
      </file>
      <file name="/Users/mchev/Packages/banhammer/src/Middleware/IPBanned.php">
        <class name="Mchev\Banhammer\Middleware\IPBanned" namespace="Mchev\Banhammer\Middleware">
          <metrics complexity="5" methods="2" coveredmethods="2" conditionals="0" coveredconditionals="0" statements="8" coveredstatements="8" elements="10" coveredelements="10"/>
        </class>
        <line num="13" type="method" name="handle" visibility="public" complexity="4" crap="4" count="3"/>
        <line num="16" type="stmt" count="3"/>
        <line num="18" type="stmt" count="2"/>
        <line num="19" type="stmt" count="2"/>
        <line num="21" type="stmt" count="2"/>
        <line num="23" type="stmt" count="2"/>
        <line num="25" type="stmt" count="2"/>
        <line num="28" type="stmt" count="1"/>
        <line num="31" type="method" name="getBannedIPsFromCache" visibility="protected" complexity="1" crap="1" count="1"/>
        <line num="33" type="stmt" count="1"/>
        <metrics loc="36" ncloc="35" classes="1" methods="2" coveredmethods="2" conditionals="0" coveredconditionals="0" statements="8" coveredstatements="8" elements="10" coveredelements="10"/>
      </file>
      <file name="/Users/mchev/Packages/banhammer/src/Middleware/LogoutBanned.php">
        <class name="Mchev\Banhammer\Middleware\LogoutBanned" namespace="Mchev\Banhammer\Middleware">
          <metrics complexity="8" methods="2" coveredmethods="1" conditionals="0" coveredconditionals="0" statements="12" coveredstatements="11" elements="14" coveredelements="12"/>
        </class>
        <line num="12" type="method" name="handle" visibility="public" complexity="7" crap="7" count="3"/>
        <line num="14" type="stmt" count="3"/>
        <line num="15" type="stmt" count="3"/>
        <line num="17" type="stmt" count="3"/>
        <line num="18" type="stmt" count="2"/>
        <line num="19" type="stmt" count="1"/>
        <line num="20" type="stmt" count="1"/>
        <line num="21" type="stmt" count="1"/>
        <line num="22" type="stmt" count="1"/>
        <line num="23" type="stmt" count="1"/>
        <line num="24" type="stmt" count="1"/>
        <line num="28" type="stmt" count="1"/>
        <line num="31" type="method" name="getBannedIPsFromCache" visibility="protected" complexity="1" crap="2" count="0"/>
        <line num="33" type="stmt" count="0"/>
        <metrics loc="36" ncloc="36" classes="1" methods="2" coveredmethods="1" conditionals="0" coveredconditionals="0" statements="12" coveredstatements="11" elements="14" coveredelements="12"/>
      </file>
    </package>
    <package name="Mchev\Banhammer\Models">
      <file name="/Users/mchev/Packages/banhammer/src/Models/Ban.php">
        <class name="Mchev\Banhammer\Models\Ban" namespace="Mchev\Banhammer\Models">
          <metrics complexity="14" methods="12" coveredmethods="10" conditionals="0" coveredconditionals="0" statements="21" coveredstatements="19" elements="33" coveredelements="29"/>
        </class>
        <line num="31" type="method" name="expiredAt" visibility="protected" complexity="3" crap="3" count="18"/>
        <line num="33" type="stmt" count="18"/>
        <line num="34" type="stmt" count="18"/>
        <line num="35" type="stmt" count="18"/>
        <line num="41" type="method" name="bannable" visibility="public" complexity="1" crap="1" count="28"/>
        <line num="43" type="stmt" count="28"/>
        <line num="49" type="method" name="createdBy" visibility="public" complexity="1" crap="2" count="0"/>
        <line num="51" type="stmt" count="0"/>
        <line num="54" type="method" name="scopePermanent" visibility="public" complexity="1" crap="1" count="1"/>
        <line num="56" type="stmt" count="1"/>
        <line num="59" type="method" name="scopeNotPermanent" visibility="public" complexity="1" crap="1" count="2"/>
        <line num="61" type="stmt" count="2"/>
        <line num="64" type="method" name="scopeExpired" visibility="public" complexity="1" crap="1" count="1"/>
        <line num="66" type="stmt" count="1"/>
        <line num="69" type="method" name="scopeNotExpired" visibility="public" complexity="1" crap="1" count="25"/>
        <line num="71" type="stmt" count="25"/>
        <line num="72" type="stmt" count="25"/>
        <line num="75" type="method" name="scopeWhereMeta" visibility="public" complexity="1" crap="2" count="0"/>
        <line num="77" type="stmt" count="0"/>
        <line num="80" type="method" name="hasMeta" visibility="public" complexity="1" crap="1" count="2"/>
        <line num="82" type="stmt" count="2"/>
        <line num="90" type="method" name="getMeta" visibility="public" complexity="1" crap="1" count="4"/>
        <line num="92" type="stmt" count="4"/>
        <line num="101" type="method" name="setMeta" visibility="public" complexity="1" crap="1" count="2"/>
        <line num="103" type="stmt" count="2"/>
        <line num="104" type="stmt" count="2"/>
        <line num="105" type="stmt" count="2"/>
        <line num="107" type="stmt" count="2"/>
        <line num="116" type="method" name="forgetMeta" visibility="public" complexity="1" crap="1" count="1"/>
        <line num="118" type="stmt" count="1"/>
        <line num="119" type="stmt" count="1"/>
        <line num="120" type="stmt" count="1"/>
        <line num="122" type="stmt" count="1"/>
        <metrics loc="125" ncloc="102" classes="1" methods="12" coveredmethods="10" conditionals="0" coveredconditionals="0" statements="21" coveredstatements="19" elements="33" coveredelements="29"/>
      </file>
    </package>
    <package name="Mchev\Banhammer\Observers">
      <file name="/Users/mchev/Packages/banhammer/src/Observers/BanObserver.php">
        <class name="Mchev\Banhammer\Observers\BanObserver" namespace="Mchev\Banhammer\Observers">
          <metrics complexity="8" methods="4" coveredmethods="3" conditionals="0" coveredconditionals="0" statements="12" coveredstatements="8" elements="16" coveredelements="11"/>
        </class>
        <line num="12" type="method" name="creating" visibility="public" complexity="4" crap="8.74" count="28"/>
        <line num="14" type="stmt" count="28"/>
        <line num="15" type="stmt" count="28"/>
        <line num="16" type="stmt" count="0"/>
        <line num="17" type="stmt" count="0"/>
        <line num="18" type="stmt" count="0"/>
        <line num="19" type="stmt" count="0"/>
        <line num="23" type="method" name="created" visibility="public" complexity="1" crap="1" count="28"/>
        <line num="25" type="stmt" count="28"/>
        <line num="26" type="stmt" count="28"/>
        <line num="29" type="method" name="deleted" visibility="public" complexity="1" crap="1" count="1"/>
        <line num="31" type="stmt" count="1"/>
        <line num="32" type="stmt" count="1"/>
        <line num="35" type="method" name="updateCachedIps" visibility="public" complexity="2" crap="2" count="28"/>
        <line num="37" type="stmt" count="28"/>
        <line num="38" type="stmt" count="22"/>
        <metrics loc="42" ncloc="42" classes="1" methods="4" coveredmethods="3" conditionals="0" coveredconditionals="0" statements="12" coveredstatements="8" elements="16" coveredelements="11"/>
      </file>
    </package>
    <package name="Mchev\Banhammer\Services">
      <file name="/Users/mchev/Packages/banhammer/src/Services/IpApiService.php">
        <class name="Mchev\Banhammer\Services\IpApiService" namespace="Mchev\Banhammer\Services">
          <metrics complexity="2" methods="1" coveredmethods="0" conditionals="0" coveredconditionals="0" statements="9" coveredstatements="0" elements="10" coveredelements="0"/>
        </class>
        <line num="14" type="method" name="getGeolocationData" visibility="public" complexity="2" crap="6" count="0"/>
        <line num="17" type="stmt" count="0"/>
        <line num="21" type="stmt" count="0"/>
        <line num="22" type="stmt" count="0"/>
        <line num="24" type="stmt" count="0"/>
        <line num="25" type="stmt" count="0"/>
        <line num="27" type="stmt" count="0"/>
        <line num="28" type="stmt" count="0"/>
        <line num="30" type="stmt" count="0"/>
        <line num="33" type="stmt" count="0"/>
        <metrics loc="37" ncloc="30" classes="1" methods="1" coveredmethods="0" conditionals="0" coveredconditionals="0" statements="9" coveredstatements="0" elements="10" coveredelements="0"/>
      </file>
    </package>
    <package name="Mchev\Banhammer\Traits">
      <file name="/Users/mchev/Packages/banhammer/src/Traits/Bannable.php">
        <class name="Mchev\Banhammer\Traits\Bannable" namespace="Mchev\Banhammer\Traits">
          <metrics complexity="12" methods="10" coveredmethods="9" conditionals="0" coveredconditionals="0" statements="20" coveredstatements="19" elements="30" coveredelements="28"/>
        </class>
        <line num="14" type="method" name="bans" visibility="public" complexity="1" crap="1" count="7"/>
        <line num="16" type="stmt" count="7"/>
        <line num="22" type="method" name="isBanned" visibility="public" complexity="2" crap="2" count="2"/>
        <line num="24" type="stmt" count="2"/>
        <line num="25" type="stmt" count="2"/>
        <line num="26" type="stmt" count="2"/>
        <line num="32" type="method" name="isNotBanned" visibility="public" complexity="1" crap="1" count="1"/>
        <line num="34" type="stmt" count="1"/>
        <line num="40" type="method" name="ban" visibility="public" complexity="1" crap="1" count="6"/>
        <line num="42" type="stmt" count="6"/>
        <line num="48" type="method" name="banUntil" visibility="public" complexity="1" crap="1" count="1"/>
        <line num="50" type="stmt" count="1"/>
        <line num="51" type="stmt" count="1"/>
        <line num="52" type="stmt" count="1"/>
        <line num="58" type="method" name="unban" visibility="public" complexity="1" crap="1" count="1"/>
        <line num="60" type="stmt" count="1"/>
        <line num="66" type="method" name="scopeBanned" visibility="public" complexity="2" crap="2.15" count="1"/>
        <line num="68" type="stmt" count="1"/>
        <line num="69" type="stmt" count="1"/>
        <line num="70" type="stmt" count="0"/>
        <line num="76" type="method" name="scopeNotBanned" visibility="public" complexity="1" crap="1" count="1"/>
        <line num="78" type="stmt" count="1"/>
        <line num="84" type="method" name="scopeWhereBansMeta" visibility="public" complexity="1" crap="1" count="1"/>
        <line num="86" type="stmt" count="1"/>
        <line num="87" type="stmt" count="1"/>
        <line num="88" type="stmt" count="1"/>
        <line num="94" type="method" name="scopeBannedByType" visibility="public" complexity="1" crap="1" count="1"/>
        <line num="96" type="stmt" count="1"/>
        <line num="97" type="stmt" count="1"/>
        <line num="98" type="stmt" count="1"/>
        <metrics loc="101" ncloc="71" classes="1" methods="10" coveredmethods="9" conditionals="0" coveredconditionals="0" statements="20" coveredstatements="19" elements="30" coveredelements="28"/>
      </file>
    </package>
    <metrics files="16" loc="703" ncloc="625" classes="16" methods="50" coveredmethods="41" conditionals="0" coveredconditionals="0" statements="170" coveredstatements="149" elements="220" coveredelements="190"/>
  </project>
</coverage>
